Database init failed (auth/login still works): Could not locate the bindings file. Tried:
 → C:\Users\A\PAS-Frontend\node_modules\better-sqlite3\build\better_sqlite3.node
 → C:\Users\A\PAS-Frontend\node_modules\better-sqlite3\build\Debug\better_sqlite3.node
 → C:\Users\A\PAS-Frontend\node_modules\better-sqlite3\build\Release\better_sqlite3.node
 → C:\Users\A\PAS-Frontend\node_modules\better-sqlite3\out\Debug\better_sqlite3.node
 → C:\Users\A\PAS-Frontend\node_modules\better-sqlite3\Debug\better_sqlite3.node
 → C:\Users\A\PAS-Frontend\node_modules\better-sqlite3\out\Release\better_sqlite3.node
 → C:\Users\A\PAS-Frontend\node_modules\better-sqlite3\Release\better_sqlite3.node
 → C:\Users\A\PAS-Frontend\node_modules\better-sqlite3\build\default\better_sqlite3.node
 → C:\Users\A\PAS-Frontend\node_modules\better-sqlite3\compiled\20.19.6\win32\x64\better_sqlite3.node
 → C:\Users\A\PAS-Frontend\node_modules\better-sqlite3\addon-build\release\install-root\better_sqlite3.node
 → C:\Users\A\PAS-Frontend\node_modules\better-sqlite3\addon-build\debug\install-root\better_sqlite3.node
 → C:\Users\A\PAS-Frontend\node_modules\better-sqlite3\addon-build\default\install-root\better_sqlite3.node
 → C:\Users\A\PAS-Frontend\node_modules\better-sqlite3\lib\binding\node-v115-win32-x64\better_sqlite3.node
GET /api/Properties error: Could not locate the bindings file. Tried:
 → C:\Users\A\PAS-Frontend\node_modules\better-sqlite3\build\better_sqlite3.node
 → C:\Users\A\PAS-Frontend\node_modules\better-sqlite3\build\Debug\better_sqlite3.node
 → C:\Users\A\PAS-Frontend\node_modules\better-sqlite3\build\Release\better_sqlite3.node
 → C:\Users\A\PAS-Frontend\node_modules\better-sqlite3\out\Debug\better_sqlite3.node
 → C:\Users\A\PAS-Frontend\node_modules\better-sqlite3\Debug\better_sqlite3.node
 → C:\Users\A\PAS-Frontend\node_modules\better-sqlite3\out\Release\better_sqlite3.node
 → C:\Users\A\PAS-Frontend\node_modules\better-sqlite3\Release\better_sqlite3.node
 → C:\Users\A\PAS-Frontend\node_modules\better-sqlite3\build\default\better_sqlite3.node
 → C:\Users\A\PAS-Frontend\node_modules\better-sqlite3\compiled\20.19.6\win32\x64\better_sqlite3.node
 → C:\Users\A\PAS-Frontend\node_modules\better-sqlite3\addon-build\release\install-root\better_sqlite3.node
 → C:\Users\A\PAS-Frontend\node_modules\better-sqlite3\addon-build\debug\install-root\better_sqlite3.node
 → C:\Users\A\PAS-Frontend\node_modules\better-sqlite3\addon-build\default\install-root\better_sqlite3.node
 → C:\Users\A\PAS-Frontend\node_modules\better-sqlite3\lib\binding\node-v115-win32-x64\better_sqlite3.node
GET /api/Properties error: Could not locate the bindings file. Tried:
 → C:\Users\A\PAS-Frontend\node_modules\better-sqlite3\build\better_sqlite3.node
 → C:\Users\A\PAS-Frontend\node_modules\better-sqlite3\build\Debug\better_sqlite3.node
 → C:\Users\A\PAS-Frontend\node_modules\better-sqlite3\build\Release\better_sqlite3.node
 → C:\Users\A\PAS-Frontend\node_modules\better-sqlite3\out\Debug\better_sqlite3.node
 → C:\Users\A\PAS-Frontend\node_modules\better-sqlite3\Debug\better_sqlite3.node
 → C:\Users\A\PAS-Frontend\node_modules\better-sqlite3\out\Release\better_sqlite3.node
 → C:\Users\A\PAS-Frontend\node_modules\better-sqlite3\Release\better_sqlite3.node
 → C:\Users\A\PAS-Frontend\node_modules\better-sqlite3\build\default\better_sqlite3.node
 → C:\Users\A\PAS-Frontend\node_modules\better-sqlite3\compiled\20.19.6\win32\x64\better_sqlite3.node
 → C:\Users\A\PAS-Frontend\node_modules\better-sqlite3\addon-build\release\install-root\better_sqlite3.node
 → C:\Users\A\PAS-Frontend\node_modules\better-sqlite3\addon-build\debug\install-root\better_sqlite3.node
 → C:\Users\A\PAS-Frontend\node_modules\better-sqlite3\addon-build\default\install-root\better_sqlite3.node
 → C:\Users\A\PAS-Frontend\node_modules\better-sqlite3\lib\binding\node-v115-win32-x64\better_sqlite3.node
GET /api/Properties error: Could not locate the bindings file. Tried:
 → C:\Users\A\PAS-Frontend\node_modules\better-sqlite3\build\better_sqlite3.node
 → C:\Users\A\PAS-Frontend\node_modules\better-sqlite3\build\Debug\better_sqlite3.node
 → C:\Users\A\PAS-Frontend\node_modules\better-sqlite3\build\Release\better_sqlite3.node
 → C:\Users\A\PAS-Frontend\node_modules\better-sqlite3\out\Debug\better_sqlite3.node
 → C:\Users\A\PAS-Frontend\node_modules\better-sqlite3\Debug\better_sqlite3.node
 → C:\Users\A\PAS-Frontend\node_modules\better-sqlite3\out\Release\better_sqlite3.node
 → C:\Users\A\PAS-Frontend\node_modules\better-sqlite3\Release\better_sqlite3.node
 → C:\Users\A\PAS-Frontend\node_modules\better-sqlite3\build\default\better_sqlite3.node
 → C:\Users\A\PAS-Frontend\node_modules\better-sqlite3\compiled\20.19.6\win32\x64\better_sqlite3.node
 → C:\Users\A\PAS-Frontend\node_modules\better-sqlite3\addon-build\release\install-root\better_sqlite3.node
 → C:\Users\A\PAS-Frontend\node_modules\better-sqlite3\addon-build\debug\install-root\better_sqlite3.node
 → C:\Users\A\PAS-Frontend\node_modules\better-sqlite3\addon-build\default\install-root\better_sqlite3.node
 → C:\Users\A\PAS-Frontend\node_modules\better-sqlite3\lib\binding\node-v115-win32-x64\better_sqlite3.node
GET /api/Properties error: Could not locate the bindings file. Tried:
 → C:\Users\A\PAS-Frontend\node_modules\better-sqlite3\build\better_sqlite3.node
 → C:\Users\A\PAS-Frontend\node_modules\better-sqlite3\build\Debug\better_sqlite3.node
 → C:\Users\A\PAS-Frontend\node_modules\better-sqlite3\build\Release\better_sqlite3.node
 → C:\Users\A\PAS-Frontend\node_modules\better-sqlite3\out\Debug\better_sqlite3.node
 → C:\Users\A\PAS-Frontend\node_modules\better-sqlite3\Debug\better_sqlite3.node
 → C:\Users\A\PAS-Frontend\node_modules\better-sqlite3\out\Release\better_sqlite3.node
 → C:\Users\A\PAS-Frontend\node_modules\better-sqlite3\Release\better_sqlite3.node
 → C:\Users\A\PAS-Frontend\node_modules\better-sqlite3\build\default\better_sqlite3.node
 → C:\Users\A\PAS-Frontend\node_modules\better-sqlite3\compiled\20.19.6\win32\x64\better_sqlite3.node
 → C:\Users\A\PAS-Frontend\node_modules\better-sqlite3\addon-build\release\install-root\better_sqlite3.node
 → C:\Users\A\PAS-Frontend\node_modules\better-sqlite3\addon-build\debug\install-root\better_sqlite3.node
 → C:\Users\A\PAS-Frontend\node_modules\better-sqlite3\addon-build\default\install-root\better_sqlite3.node
 → C:\Users\A\PAS-Frontend\node_modules\better-sqlite3\lib\binding\node-v115-win32-x64\better_sqlite3.node
GET /api/Properties error: Could not locate the bindings file. Tried:
 → C:\Users\A\PAS-Frontend\node_modules\better-sqlite3\build\better_sqlite3.node
 → C:\Users\A\PAS-Frontend\node_modules\better-sqlite3\build\Debug\better_sqlite3.node
 → C:\Users\A\PAS-Frontend\node_modules\better-sqlite3\build\Release\better_sqlite3.node
 → C:\Users\A\PAS-Frontend\node_modules\better-sqlite3\out\Debug\better_sqlite3.node
 → C:\Users\A\PAS-Frontend\node_modules\better-sqlite3\Debug\better_sqlite3.node
 → C:\Users\A\PAS-Frontend\node_modules\better-sqlite3\out\Release\better_sqlite3.node
 → C:\Users\A\PAS-Frontend\node_modules\better-sqlite3\Release\better_sqlite3.node
 → C:\Users\A\PAS-Frontend\node_modules\better-sqlite3\build\default\better_sqlite3.node
 → C:\Users\A\PAS-Frontend\node_modules\better-sqlite3\compiled\20.19.6\win32\x64\better_sqlite3.node
 → C:\Users\A\PAS-Frontend\node_modules\better-sqlite3\addon-build\release\install-root\better_sqlite3.node
 → C:\Users\A\PAS-Frontend\node_modules\better-sqlite3\addon-build\debug\install-root\better_sqlite3.node
 → C:\Users\A\PAS-Frontend\node_modules\better-sqlite3\addon-build\default\install-root\better_sqlite3.node
 → C:\Users\A\PAS-Frontend\node_modules\better-sqlite3\lib\binding\node-v115-win32-x64\better_sqlite3.node
GET /api/Properties error: Could not locate the bindings file. Tried:
 → C:\Users\A\PAS-Frontend\node_modules\better-sqlite3\build\better_sqlite3.node
 → C:\Users\A\PAS-Frontend\node_modules\better-sqlite3\build\Debug\better_sqlite3.node
 → C:\Users\A\PAS-Frontend\node_modules\better-sqlite3\build\Release\better_sqlite3.node
 → C:\Users\A\PAS-Frontend\node_modules\better-sqlite3\out\Debug\better_sqlite3.node
 → C:\Users\A\PAS-Frontend\node_modules\better-sqlite3\Debug\better_sqlite3.node
 → C:\Users\A\PAS-Frontend\node_modules\better-sqlite3\out\Release\better_sqlite3.node
 → C:\Users\A\PAS-Frontend\node_modules\better-sqlite3\Release\better_sqlite3.node
 → C:\Users\A\PAS-Frontend\node_modules\better-sqlite3\build\default\better_sqlite3.node
 → C:\Users\A\PAS-Frontend\node_modules\better-sqlite3\compiled\20.19.6\win32\x64\better_sqlite3.node
 → C:\Users\A\PAS-Frontend\node_modules\better-sqlite3\addon-build\release\install-root\better_sqlite3.node
 → C:\Users\A\PAS-Frontend\node_modules\better-sqlite3\addon-build\debug\install-root\better_sqlite3.node
 → C:\Users\A\PAS-Frontend\node_modules\better-sqlite3\addon-build\default\install-root\better_sqlite3.node
 → C:\Users\A\PAS-Frontend\node_modules\better-sqlite3\lib\binding\node-v115-win32-x64\better_sqlite3.node
GET /api/Properties error: Could not locate the bindings file. Tried:
 → C:\Users\A\PAS-Frontend\node_modules\better-sqlite3\build\better_sqlite3.node
 → C:\Users\A\PAS-Frontend\node_modules\better-sqlite3\build\Debug\better_sqlite3.node
 → C:\Users\A\PAS-Frontend\node_modules\better-sqlite3\build\Release\better_sqlite3.node
 → C:\Users\A\PAS-Frontend\node_modules\better-sqlite3\out\Debug\better_sqlite3.node
 → C:\Users\A\PAS-Frontend\node_modules\better-sqlite3\Debug\better_sqlite3.node
 → C:\Users\A\PAS-Frontend\node_modules\better-sqlite3\out\Release\better_sqlite3.node
 → C:\Users\A\PAS-Frontend\node_modules\better-sqlite3\Release\better_sqlite3.node
 → C:\Users\A\PAS-Frontend\node_modules\better-sqlite3\build\default\better_sqlite3.node
 → C:\Users\A\PAS-Frontend\node_modules\better-sqlite3\compiled\20.19.6\win32\x64\better_sqlite3.node
 → C:\Users\A\PAS-Frontend\node_modules\better-sqlite3\addon-build\release\install-root\better_sqlite3.node
 → C:\Users\A\PAS-Frontend\node_modules\better-sqlite3\addon-build\debug\install-root\better_sqlite3.node
 → C:\Users\A\PAS-Frontend\node_modules\better-sqlite3\addon-build\default\install-root\better_sqlite3.node
 → C:\Users\A\PAS-Frontend\node_modules\better-sqlite3\lib\binding\node-v115-win32-x64\better_sqlite3.node
