
> pas-frontend@0.0.0 start
> ng serve

[33m❯[39m Building...
[32m✔[39m Building...
[35mBrowser bundles[39m     
[1mInitial chunk files[22m [2m | [22m[1mNames[22m           [2m | [22m [1mRaw size[22m
[32mmain.js[39m             [2m | [22m[2mmain[22m            [2m | [22m  [36m3.59 kB[39m[2m | [22m
[32mchunk-653SOEEV.js[39m   [2m | [22m[2m-[22m               [2m | [22m  [36m1.51 kB[39m[2m | [22m
[32mstyles.css[39m          [2m | [22m[2mstyles[22m          [2m | [22m[36m332 bytes[39m[2m | [22m

[1m [22m                   [2m | [22m[1mInitial total[22m   [2m | [22m  [1m5.44 kB[22m

[1mLazy chunk files[22m    [2m | [22m[1mNames[22m           [2m | [22m [1mRaw size[22m
[32mchunk-GTMLUIIX.js[39m   [2m | [22m[2mauth-module[22m     [2m | [22m[36m163.61 kB[39m[2m | [22m
[32mchunk-5T4GG47Y.js[39m   [2m | [22m[2mdashboard-module[22m[2m | [22m[36m119.49 kB[39m[2m | [22m
[32mchunk-MXU33LAC.js[39m   [2m | [22m[2mstorage-module[22m  [2m | [22m [36m74.75 kB[39m[2m | [22m
[32mchunk-LLBLA37L.js[39m   [2m | [22m[2mcategories[22m      [2m | [22m [36m66.60 kB[39m[2m | [22m
[32mchunk-HLGBPCP5.js[39m   [2m | [22m[2mitem-master[22m     [2m | [22m [36m15.55 kB[39m[2m | [22m
[32mchunk-DAD4H7GN.js[39m   [2m | [22m[2m-[22m               [2m | [22m  [36m8.72 kB[39m[2m | [22m
[32mchunk-FHDJM5FF.js[39m   [2m | [22m[2mcatalog-module[22m  [2m | [22m  [36m2.69 kB[39m[2m | [22m


[35mServer bundles[39m      
[1mInitial chunk files[22m [2m | [22m[1mNames[22m           [2m | [22m [1mRaw size[22m
[32mmain.server.mjs[39m     [2m | [22m[2mmain.server[22m     [2m | [22m  [36m4.85 kB[39m[2m | [22m
[32mserver.mjs[39m          [2m | [22m[2mserver[22m          [2m | [22m  [36m1.84 kB[39m[2m | [22m
[32mchunk-S5NAN44N.mjs[39m  [2m | [22m[2m-[22m               [2m | [22m  [36m1.55 kB[39m[2m | [22m
[32mpolyfills.server.mjs[39m[2m | [22m[2mpolyfills.server[22m[2m | [22m[36m268 bytes[39m[2m | [22m

[1mLazy chunk files[22m    [2m | [22m[1mNames[22m           [2m | [22m [1mRaw size[22m
[32mchunk-LWWVEFAO.mjs[39m  [2m | [22m[2mauth-module[22m     [2m | [22m[36m163.64 kB[39m[2m | [22m
[32mchunk-GC6AQSWK.mjs[39m  [2m | [22m[2mdashboard-module[22m[2m | [22m[36m119.52 kB[39m[2m | [22m
[32mchunk-ZKFOBFFK.mjs[39m  [2m | [22m[2mstorage-module[22m  [2m | [22m [36m74.78 kB[39m[2m | [22m
[32mchunk-N2HRJRLC.mjs[39m  [2m | [22m[2mcategories[22m      [2m | [22m [36m66.64 kB[39m[2m | [22m
[32mchunk-H2YM56N6.mjs[39m  [2m | [22m[2mitem-master[22m     [2m | [22m [36m15.59 kB[39m[2m | [22m
[32mchunk-KAC7PCDI.mjs[39m  [2m | [22m[2m-[22m               [2m | [22m  [36m8.76 kB[39m[2m | [22m
[32mchunk-OGDZNOMF.mjs[39m  [2m | [22m[2mcatalog-module[22m  [2m | [22m  [36m2.73 kB[39m[2m | [22m

Application bundle generation complete. [13.404 seconds] - 2026-04-16T19:40:28.851Z

Watch mode enabled. Watching for file changes...
NOTE: Raw file sizes do not reflect development server per-request transformations.
  [32m➜[39m  [1mLocal[22m:   [36mhttp://localhost:[1m4200[22m/[39m
[2m[32m  ➜[39m[22m[2m  press [22m[1mh + enter[22m[2m to show help[22m
